# JRE version: Java(TM) SE Runtime Environment (15.0.1+9) (build 15.0.1+9-18)
# Java VM: Java HotSpot(TM) 64-Bit Server VM (15.0.1+9-18, mixed mode, sharing, tiered, compressed oops, g1 gc, windows-amd64)
GC Precious Log:
 CPUs: 8 total, 8 available
 Memory: 22476M
 Large Page Support: Disabled
 NUMA Support: Disabled
 Compressed Oops: Enabled (Zero based)
 Heap Region Size: 4M
 Heap Min Capacity: 8M
 Heap Initial Capacity: 352M
 Heap Max Capacity: 5620M
 Pre-touch: Disabled
 Parallel Workers: 8
 Concurrent Workers: 2
 Concurrent Refinement Workers: 8
 Periodic GC: Disabled
Heap:
 garbage-first heap   total 360448K, used 141310K [0x00000006a0c00000, 0x0000000800000000)
  region size 4096K, 36 young (147456K), 1 survivors (4096K)
 Metaspace       used 8763K, capacity 8984K, committed 9088K, reserved 1056768K
  class space    used 992K, capacity 1064K, committed 1152K, reserved 1048576K
GC Heap History (20 events):
Event: 4.694 GC heap before
{Heap before GC invocations=16 (full 0):
 garbage-first heap   total 360448K, used 211247K [0x00000006a0c00000, 0x0000000800000000)
  region size 4096K, 52 young (212992K), 1 survivors (4096K)
 Metaspace       used 8712K, capacity 8920K, committed 9088K, reserved 1056768K
  class space    used 991K, capacity 1064K, committed 1152K, reserved 1048576K
}
Event: 4.695 GC heap after
{Heap after GC invocations=17 (full 0):
 garbage-first heap   total 360448K, used 2109K [0x00000006a0c00000, 0x0000000800000000)
  region size 4096K, 1 young (4096K), 1 survivors (4096K)
 Metaspace       used 8712K, capacity 8920K, committed 9088K, reserved 1056768K
  class space    used 991K, capacity 1064K, committed 1152K, reserved 1048576K
}
Event: 4.969 GC heap before
{Heap before GC invocations=17 (full 0):
 garbage-first heap   total 360448K, used 211005K [0x00000006a0c00000, 0x0000000800000000)
  region size 4096K, 52 young (212992K), 1 survivors (4096K)
 Metaspace       used 8721K, capacity 8920K, committed 9088K, reserved 1056768K
  class space    used 991K, capacity 1064K, committed 1152K, reserved 1048576K
}
Event: 4.969 GC heap after
{Heap after GC invocations=18 (full 0):
 garbage-first heap   total 360448K, used 2034K [0x00000006a0c00000, 0x0000000800000000)
  region size 4096K, 1 young (4096K), 1 survivors (4096K)
 Metaspace       used 8721K, capacity 8920K, committed 9088K, reserved 1056768K
  class space    used 991K, capacity 1064K, committed 1152K, reserved 1048576K
}
Event: 5.256 GC heap before
{Heap before GC invocations=18 (full 0):
 garbage-first heap   total 360448K, used 210930K [0x00000006a0c00000, 0x0000000800000000)
  region size 4096K, 52 young (212992K), 1 survivors (4096K)
 Metaspace       used 8737K, capacity 8920K, committed 9088K, reserved 1056768K
  class space    used 991K, capacity 1064K, committed 1152K, reserved 1048576K
}
Event: 5.256 GC heap after
{Heap after GC invocations=19 (full 0):
 garbage-first heap   total 360448K, used 2030K [0x00000006a0c00000, 0x0000000800000000)
  region size 4096K, 1 young (4096K), 1 survivors (4096K)
 Metaspace       used 8737K, capacity 8920K, committed 9088K, reserved 1056768K
  class space    used 991K, capacity 1064K, committed 1152K, reserved 1048576K
}
Event: 5.529 GC heap before
{Heap before GC invocations=19 (full 0):
 garbage-first heap   total 360448K, used 210926K [0x00000006a0c00000, 0x0000000800000000)
  region size 4096K, 52 young (212992K), 1 survivors (4096K)
 Metaspace       used 8737K, capacity 8920K, committed 9088K, reserved 1056768K
  class space    used 991K, capacity 1064K, committed 1152K, reserved 1048576K
}
Event: 5.530 GC heap after
{Heap after GC invocations=20 (full 0):
 garbage-first heap   total 360448K, used 2028K [0x00000006a0c00000, 0x0000000800000000)
  region size 4096K, 1 young (4096K), 1 survivors (4096K)
 Metaspace       used 8737K, capacity 8920K, committed 9088K, reserved 1056768K
  class space    used 991K, capacity 1064K, committed 1152K, reserved 1048576K
}
Event: 5.799 GC heap before
{Heap before GC invocations=20 (full 0):
 garbage-first heap   total 360448K, used 210924K [0x00000006a0c00000, 0x0000000800000000)
  region size 4096K, 52 young (212992K), 1 survivors (4096K)
 Metaspace       used 8743K, capacity 8920K, committed 9088K, reserved 1056768K
  class space    used 991K, capacity 1064K, committed 1152K, reserved 1048576K
}
Event: 5.800 GC heap after
{Heap after GC invocations=21 (full 0):
 garbage-first heap   total 360448K, used 2031K [0x00000006a0c00000, 0x0000000800000000)
  region size 4096K, 1 young (4096K), 1 survivors (4096K)
 Metaspace       used 8743K, capacity 8920K, committed 9088K, reserved 1056768K
  class space    used 991K, capacity 1064K, committed 1152K, reserved 1048576K
}
Event: 6.063 GC heap before
{Heap before GC invocations=21 (full 0):
 garbage-first heap   total 360448K, used 210927K [0x00000006a0c00000, 0x0000000800000000)
  region size 4096K, 52 young (212992K), 1 survivors (4096K)
 Metaspace       used 8752K, capacity 8984K, committed 9088K, reserved 1056768K
  class space    used 991K, capacity 1064K, committed 1152K, reserved 1048576K
}
Event: 6.063 GC heap after
{Heap after GC invocations=22 (full 0):
 garbage-first heap   total 360448K, used 2031K [0x00000006a0c00000, 0x0000000800000000)
  region size 4096K, 1 young (4096K), 1 survivors (4096K)
 Metaspace       used 8752K, capacity 8984K, committed 9088K, reserved 1056768K
  class space    used 991K, capacity 1064K, committed 1152K, reserved 1048576K
}
Event: 6.340 GC heap before
{Heap before GC invocations=22 (full 0):
 garbage-first heap   total 360448K, used 210927K [0x00000006a0c00000, 0x0000000800000000)
  region size 4096K, 52 young (212992K), 1 survivors (4096K)
 Metaspace       used 8752K, capacity 8984K, committed 9088K, reserved 1056768K
  class space    used 991K, capacity 1064K, committed 1152K, reserved 1048576K
}
Event: 6.340 GC heap after
{Heap after GC invocations=23 (full 0):
 garbage-first heap   total 360448K, used 2043K [0x00000006a0c00000, 0x0000000800000000)
  region size 4096K, 1 young (4096K), 1 survivors (4096K)
 Metaspace       used 8752K, capacity 8984K, committed 9088K, reserved 1056768K
  class space    used 991K, capacity 1064K, committed 1152K, reserved 1048576K
}
Event: 6.602 GC heap before
{Heap before GC invocations=23 (full 0):
 garbage-first heap   total 360448K, used 210939K [0x00000006a0c00000, 0x0000000800000000)
  region size 4096K, 52 young (212992K), 1 survivors (4096K)
 Metaspace       used 8752K, capacity 8984K, committed 9088K, reserved 1056768K
  class space    used 991K, capacity 1064K, committed 1152K, reserved 1048576K
}
Event: 6.602 GC heap after
{Heap after GC invocations=24 (full 0):
 garbage-first heap   total 360448K, used 2041K [0x00000006a0c00000, 0x0000000800000000)
  region size 4096K, 1 young (4096K), 1 survivors (4096K)
 Metaspace       used 8752K, capacity 8984K, committed 9088K, reserved 1056768K
  class space    used 991K, capacity 1064K, committed 1152K, reserved 1048576K
}
Event: 6.875 GC heap before
{Heap before GC invocations=24 (full 0):
 garbage-first heap   total 360448K, used 210937K [0x00000006a0c00000, 0x0000000800000000)
  region size 4096K, 52 young (212992K), 1 survivors (4096K)
 Metaspace       used 8752K, capacity 8984K, committed 9088K, reserved 1056768K
  class space    used 991K, capacity 1064K, committed 1152K, reserved 1048576K
}
Event: 6.876 GC heap after
{Heap after GC invocations=25 (full 0):
 garbage-first heap   total 360448K, used 2046K [0x00000006a0c00000, 0x0000000800000000)
  region size 4096K, 1 young (4096K), 1 survivors (4096K)
 Metaspace       used 8752K, capacity 8984K, committed 9088K, reserved 1056768K
  class space    used 991K, capacity 1064K, committed 1152K, reserved 1048576K
}
Event: 7.154 GC heap before
{Heap before GC invocations=25 (full 0):
 garbage-first heap   total 360448K, used 210942K [0x00000006a0c00000, 0x0000000800000000)
  region size 4096K, 52 young (212992K), 1 survivors (4096K)
 Metaspace       used 8761K, capacity 8984K, committed 9088K, reserved 1056768K
  class space    used 991K, capacity 1064K, committed 1152K, reserved 1048576K
}
Event: 7.155 GC heap after
{Heap after GC invocations=26 (full 0):
 garbage-first heap   total 360448K, used 2046K [0x00000006a0c00000, 0x0000000800000000)
  region size 4096K, 1 young (4096K), 1 survivors (4096K)
 Metaspace       used 8761K, capacity 8984K, committed 9088K, reserved 1056768K
  class space    used 991K, capacity 1064K, committed 1152K, reserved 1048576K
}

